[2023-06-08T23:39:51.662+0000] {processor.py:153} INFO - Started process (PID=24627) to work on /workspaces/hands-on-introduction-data-engineering-4395021/airflow/dags/transform_dag.py
[2023-06-08T23:39:51.664+0000] {processor.py:743} INFO - Processing file /workspaces/hands-on-introduction-data-engineering-4395021/airflow/dags/transform_dag.py for tasks to queue
[2023-06-08T23:39:51.664+0000] {logging_mixin.py:137} INFO - [2023-06-08T23:39:51.664+0000] {dagbag.py:538} INFO - Filling up the DagBag from /workspaces/hands-on-introduction-data-engineering-4395021/airflow/dags/transform_dag.py
[2023-06-08T23:39:53.437+0000] {processor.py:753} INFO - DAG(s) dict_keys(['transform_dag']) retrieved from /workspaces/hands-on-introduction-data-engineering-4395021/airflow/dags/transform_dag.py
[2023-06-08T23:39:53.853+0000] {logging_mixin.py:137} INFO - [2023-06-08T23:39:53.852+0000] {manager.py:504} INFO - Created Permission View: can delete on DAG:transform_dag
[2023-06-08T23:39:53.901+0000] {logging_mixin.py:137} INFO - [2023-06-08T23:39:53.901+0000] {manager.py:504} INFO - Created Permission View: can read on DAG:transform_dag
[2023-06-08T23:39:53.966+0000] {logging_mixin.py:137} INFO - [2023-06-08T23:39:53.966+0000] {manager.py:504} INFO - Created Permission View: can edit on DAG:transform_dag
[2023-06-08T23:39:53.967+0000] {logging_mixin.py:137} INFO - [2023-06-08T23:39:53.967+0000] {dag.py:2690} INFO - Sync 1 DAGs
[2023-06-08T23:39:53.984+0000] {logging_mixin.py:137} INFO - [2023-06-08T23:39:53.984+0000] {dag.py:2711} INFO - Creating ORM DAG for transform_dag
[2023-06-08T23:39:53.997+0000] {logging_mixin.py:137} INFO - [2023-06-08T23:39:53.997+0000] {dag.py:3437} INFO - Setting next_dagrun for transform_dag to None, run_after=None
[2023-06-08T23:39:54.063+0000] {processor.py:175} INFO - Processing /workspaces/hands-on-introduction-data-engineering-4395021/airflow/dags/transform_dag.py took 2.409 seconds
[2023-06-08T23:40:24.310+0000] {processor.py:153} INFO - Started process (PID=24884) to work on /workspaces/hands-on-introduction-data-engineering-4395021/airflow/dags/transform_dag.py
[2023-06-08T23:40:24.311+0000] {processor.py:743} INFO - Processing file /workspaces/hands-on-introduction-data-engineering-4395021/airflow/dags/transform_dag.py for tasks to queue
[2023-06-08T23:40:24.312+0000] {logging_mixin.py:137} INFO - [2023-06-08T23:40:24.312+0000] {dagbag.py:538} INFO - Filling up the DagBag from /workspaces/hands-on-introduction-data-engineering-4395021/airflow/dags/transform_dag.py
[2023-06-08T23:40:24.573+0000] {processor.py:753} INFO - DAG(s) dict_keys(['transform_dag']) retrieved from /workspaces/hands-on-introduction-data-engineering-4395021/airflow/dags/transform_dag.py
[2023-06-08T23:40:24.595+0000] {logging_mixin.py:137} INFO - [2023-06-08T23:40:24.594+0000] {dag.py:2690} INFO - Sync 1 DAGs
[2023-06-08T23:40:24.615+0000] {logging_mixin.py:137} INFO - [2023-06-08T23:40:24.614+0000] {dag.py:3437} INFO - Setting next_dagrun for transform_dag to None, run_after=None
[2023-06-08T23:40:24.677+0000] {processor.py:175} INFO - Processing /workspaces/hands-on-introduction-data-engineering-4395021/airflow/dags/transform_dag.py took 0.372 seconds
[2023-06-08T23:40:54.805+0000] {processor.py:153} INFO - Started process (PID=25083) to work on /workspaces/hands-on-introduction-data-engineering-4395021/airflow/dags/transform_dag.py
[2023-06-08T23:40:54.806+0000] {processor.py:743} INFO - Processing file /workspaces/hands-on-introduction-data-engineering-4395021/airflow/dags/transform_dag.py for tasks to queue
[2023-06-08T23:40:54.806+0000] {logging_mixin.py:137} INFO - [2023-06-08T23:40:54.806+0000] {dagbag.py:538} INFO - Filling up the DagBag from /workspaces/hands-on-introduction-data-engineering-4395021/airflow/dags/transform_dag.py
[2023-06-08T23:40:55.001+0000] {processor.py:753} INFO - DAG(s) dict_keys(['transform_dag']) retrieved from /workspaces/hands-on-introduction-data-engineering-4395021/airflow/dags/transform_dag.py
[2023-06-08T23:40:55.017+0000] {logging_mixin.py:137} INFO - [2023-06-08T23:40:55.017+0000] {dag.py:2690} INFO - Sync 1 DAGs
[2023-06-08T23:40:55.034+0000] {logging_mixin.py:137} INFO - [2023-06-08T23:40:55.034+0000] {dag.py:3437} INFO - Setting next_dagrun for transform_dag to None, run_after=None
[2023-06-08T23:40:55.074+0000] {processor.py:175} INFO - Processing /workspaces/hands-on-introduction-data-engineering-4395021/airflow/dags/transform_dag.py took 0.273 seconds
[2023-06-08T23:41:25.172+0000] {processor.py:153} INFO - Started process (PID=25281) to work on /workspaces/hands-on-introduction-data-engineering-4395021/airflow/dags/transform_dag.py
[2023-06-08T23:41:25.173+0000] {processor.py:743} INFO - Processing file /workspaces/hands-on-introduction-data-engineering-4395021/airflow/dags/transform_dag.py for tasks to queue
[2023-06-08T23:41:25.174+0000] {logging_mixin.py:137} INFO - [2023-06-08T23:41:25.174+0000] {dagbag.py:538} INFO - Filling up the DagBag from /workspaces/hands-on-introduction-data-engineering-4395021/airflow/dags/transform_dag.py
[2023-06-08T23:41:25.365+0000] {processor.py:753} INFO - DAG(s) dict_keys(['transform_dag']) retrieved from /workspaces/hands-on-introduction-data-engineering-4395021/airflow/dags/transform_dag.py
[2023-06-08T23:41:25.381+0000] {logging_mixin.py:137} INFO - [2023-06-08T23:41:25.381+0000] {dag.py:2690} INFO - Sync 1 DAGs
[2023-06-08T23:41:25.399+0000] {logging_mixin.py:137} INFO - [2023-06-08T23:41:25.399+0000] {dag.py:3437} INFO - Setting next_dagrun for transform_dag to None, run_after=None
[2023-06-08T23:41:25.439+0000] {processor.py:175} INFO - Processing /workspaces/hands-on-introduction-data-engineering-4395021/airflow/dags/transform_dag.py took 0.270 seconds
[2023-06-08T23:41:55.539+0000] {processor.py:153} INFO - Started process (PID=25485) to work on /workspaces/hands-on-introduction-data-engineering-4395021/airflow/dags/transform_dag.py
[2023-06-08T23:41:55.540+0000] {processor.py:743} INFO - Processing file /workspaces/hands-on-introduction-data-engineering-4395021/airflow/dags/transform_dag.py for tasks to queue
[2023-06-08T23:41:55.541+0000] {logging_mixin.py:137} INFO - [2023-06-08T23:41:55.541+0000] {dagbag.py:538} INFO - Filling up the DagBag from /workspaces/hands-on-introduction-data-engineering-4395021/airflow/dags/transform_dag.py
[2023-06-08T23:41:55.754+0000] {processor.py:753} INFO - DAG(s) dict_keys(['transform_dag']) retrieved from /workspaces/hands-on-introduction-data-engineering-4395021/airflow/dags/transform_dag.py
[2023-06-08T23:41:55.786+0000] {logging_mixin.py:137} INFO - [2023-06-08T23:41:55.786+0000] {dag.py:2690} INFO - Sync 1 DAGs
[2023-06-08T23:41:55.813+0000] {logging_mixin.py:137} INFO - [2023-06-08T23:41:55.813+0000] {dag.py:3437} INFO - Setting next_dagrun for transform_dag to None, run_after=None
[2023-06-08T23:41:55.857+0000] {processor.py:175} INFO - Processing /workspaces/hands-on-introduction-data-engineering-4395021/airflow/dags/transform_dag.py took 0.321 seconds
[2023-06-08T23:42:26.010+0000] {processor.py:153} INFO - Started process (PID=25680) to work on /workspaces/hands-on-introduction-data-engineering-4395021/airflow/dags/transform_dag.py
[2023-06-08T23:42:26.012+0000] {processor.py:743} INFO - Processing file /workspaces/hands-on-introduction-data-engineering-4395021/airflow/dags/transform_dag.py for tasks to queue
[2023-06-08T23:42:26.013+0000] {logging_mixin.py:137} INFO - [2023-06-08T23:42:26.013+0000] {dagbag.py:538} INFO - Filling up the DagBag from /workspaces/hands-on-introduction-data-engineering-4395021/airflow/dags/transform_dag.py
[2023-06-08T23:42:26.233+0000] {processor.py:753} INFO - DAG(s) dict_keys(['transform_dag']) retrieved from /workspaces/hands-on-introduction-data-engineering-4395021/airflow/dags/transform_dag.py
[2023-06-08T23:42:26.250+0000] {logging_mixin.py:137} INFO - [2023-06-08T23:42:26.250+0000] {dag.py:2690} INFO - Sync 1 DAGs
[2023-06-08T23:42:26.267+0000] {logging_mixin.py:137} INFO - [2023-06-08T23:42:26.267+0000] {dag.py:3437} INFO - Setting next_dagrun for transform_dag to None, run_after=None
[2023-06-08T23:42:26.308+0000] {processor.py:175} INFO - Processing /workspaces/hands-on-introduction-data-engineering-4395021/airflow/dags/transform_dag.py took 0.304 seconds
[2023-06-08T23:42:56.477+0000] {processor.py:153} INFO - Started process (PID=25874) to work on /workspaces/hands-on-introduction-data-engineering-4395021/airflow/dags/transform_dag.py
[2023-06-08T23:42:56.478+0000] {processor.py:743} INFO - Processing file /workspaces/hands-on-introduction-data-engineering-4395021/airflow/dags/transform_dag.py for tasks to queue
[2023-06-08T23:42:56.478+0000] {logging_mixin.py:137} INFO - [2023-06-08T23:42:56.478+0000] {dagbag.py:538} INFO - Filling up the DagBag from /workspaces/hands-on-introduction-data-engineering-4395021/airflow/dags/transform_dag.py
[2023-06-08T23:42:56.659+0000] {processor.py:753} INFO - DAG(s) dict_keys(['transform_dag']) retrieved from /workspaces/hands-on-introduction-data-engineering-4395021/airflow/dags/transform_dag.py
[2023-06-08T23:42:56.674+0000] {logging_mixin.py:137} INFO - [2023-06-08T23:42:56.674+0000] {dag.py:2690} INFO - Sync 1 DAGs
[2023-06-08T23:42:56.691+0000] {logging_mixin.py:137} INFO - [2023-06-08T23:42:56.691+0000] {dag.py:3437} INFO - Setting next_dagrun for transform_dag to None, run_after=None
[2023-06-08T23:42:56.742+0000] {processor.py:175} INFO - Processing /workspaces/hands-on-introduction-data-engineering-4395021/airflow/dags/transform_dag.py took 0.268 seconds
[2023-06-08T23:43:26.851+0000] {processor.py:153} INFO - Started process (PID=26061) to work on /workspaces/hands-on-introduction-data-engineering-4395021/airflow/dags/transform_dag.py
[2023-06-08T23:43:26.852+0000] {processor.py:743} INFO - Processing file /workspaces/hands-on-introduction-data-engineering-4395021/airflow/dags/transform_dag.py for tasks to queue
[2023-06-08T23:43:26.852+0000] {logging_mixin.py:137} INFO - [2023-06-08T23:43:26.852+0000] {dagbag.py:538} INFO - Filling up the DagBag from /workspaces/hands-on-introduction-data-engineering-4395021/airflow/dags/transform_dag.py
[2023-06-08T23:43:27.045+0000] {processor.py:753} INFO - DAG(s) dict_keys(['transform_dag']) retrieved from /workspaces/hands-on-introduction-data-engineering-4395021/airflow/dags/transform_dag.py
[2023-06-08T23:43:27.062+0000] {logging_mixin.py:137} INFO - [2023-06-08T23:43:27.062+0000] {dag.py:2690} INFO - Sync 1 DAGs
[2023-06-08T23:43:27.078+0000] {logging_mixin.py:137} INFO - [2023-06-08T23:43:27.078+0000] {dag.py:3437} INFO - Setting next_dagrun for transform_dag to None, run_after=None
[2023-06-08T23:43:27.116+0000] {processor.py:175} INFO - Processing /workspaces/hands-on-introduction-data-engineering-4395021/airflow/dags/transform_dag.py took 0.269 seconds
[2023-06-08T23:43:57.222+0000] {processor.py:153} INFO - Started process (PID=26246) to work on /workspaces/hands-on-introduction-data-engineering-4395021/airflow/dags/transform_dag.py
[2023-06-08T23:43:57.223+0000] {processor.py:743} INFO - Processing file /workspaces/hands-on-introduction-data-engineering-4395021/airflow/dags/transform_dag.py for tasks to queue
[2023-06-08T23:43:57.224+0000] {logging_mixin.py:137} INFO - [2023-06-08T23:43:57.224+0000] {dagbag.py:538} INFO - Filling up the DagBag from /workspaces/hands-on-introduction-data-engineering-4395021/airflow/dags/transform_dag.py
[2023-06-08T23:43:57.415+0000] {processor.py:753} INFO - DAG(s) dict_keys(['transform_dag']) retrieved from /workspaces/hands-on-introduction-data-engineering-4395021/airflow/dags/transform_dag.py
[2023-06-08T23:43:57.432+0000] {logging_mixin.py:137} INFO - [2023-06-08T23:43:57.432+0000] {dag.py:2690} INFO - Sync 1 DAGs
[2023-06-08T23:43:57.449+0000] {logging_mixin.py:137} INFO - [2023-06-08T23:43:57.449+0000] {dag.py:3437} INFO - Setting next_dagrun for transform_dag to None, run_after=None
[2023-06-08T23:43:57.493+0000] {processor.py:175} INFO - Processing /workspaces/hands-on-introduction-data-engineering-4395021/airflow/dags/transform_dag.py took 0.276 seconds
[2023-06-08T23:44:27.594+0000] {processor.py:153} INFO - Started process (PID=26453) to work on /workspaces/hands-on-introduction-data-engineering-4395021/airflow/dags/transform_dag.py
[2023-06-08T23:44:27.595+0000] {processor.py:743} INFO - Processing file /workspaces/hands-on-introduction-data-engineering-4395021/airflow/dags/transform_dag.py for tasks to queue
[2023-06-08T23:44:27.595+0000] {logging_mixin.py:137} INFO - [2023-06-08T23:44:27.595+0000] {dagbag.py:538} INFO - Filling up the DagBag from /workspaces/hands-on-introduction-data-engineering-4395021/airflow/dags/transform_dag.py
[2023-06-08T23:44:27.786+0000] {processor.py:753} INFO - DAG(s) dict_keys(['transform_dag']) retrieved from /workspaces/hands-on-introduction-data-engineering-4395021/airflow/dags/transform_dag.py
[2023-06-08T23:44:27.802+0000] {logging_mixin.py:137} INFO - [2023-06-08T23:44:27.802+0000] {dag.py:2690} INFO - Sync 1 DAGs
[2023-06-08T23:44:27.819+0000] {logging_mixin.py:137} INFO - [2023-06-08T23:44:27.819+0000] {dag.py:3437} INFO - Setting next_dagrun for transform_dag to None, run_after=None
[2023-06-08T23:44:27.862+0000] {processor.py:175} INFO - Processing /workspaces/hands-on-introduction-data-engineering-4395021/airflow/dags/transform_dag.py took 0.271 seconds
[2023-06-08T23:44:57.962+0000] {processor.py:153} INFO - Started process (PID=26651) to work on /workspaces/hands-on-introduction-data-engineering-4395021/airflow/dags/transform_dag.py
[2023-06-08T23:44:57.963+0000] {processor.py:743} INFO - Processing file /workspaces/hands-on-introduction-data-engineering-4395021/airflow/dags/transform_dag.py for tasks to queue
[2023-06-08T23:44:57.964+0000] {logging_mixin.py:137} INFO - [2023-06-08T23:44:57.964+0000] {dagbag.py:538} INFO - Filling up the DagBag from /workspaces/hands-on-introduction-data-engineering-4395021/airflow/dags/transform_dag.py
[2023-06-08T23:44:58.177+0000] {processor.py:753} INFO - DAG(s) dict_keys(['transform_dag']) retrieved from /workspaces/hands-on-introduction-data-engineering-4395021/airflow/dags/transform_dag.py
[2023-06-08T23:44:58.194+0000] {logging_mixin.py:137} INFO - [2023-06-08T23:44:58.194+0000] {dag.py:2690} INFO - Sync 1 DAGs
[2023-06-08T23:44:58.213+0000] {logging_mixin.py:137} INFO - [2023-06-08T23:44:58.213+0000] {dag.py:3437} INFO - Setting next_dagrun for transform_dag to None, run_after=None
[2023-06-08T23:44:58.251+0000] {processor.py:175} INFO - Processing /workspaces/hands-on-introduction-data-engineering-4395021/airflow/dags/transform_dag.py took 0.292 seconds
[2023-06-08T23:45:28.336+0000] {processor.py:153} INFO - Started process (PID=26846) to work on /workspaces/hands-on-introduction-data-engineering-4395021/airflow/dags/transform_dag.py
[2023-06-08T23:45:28.337+0000] {processor.py:743} INFO - Processing file /workspaces/hands-on-introduction-data-engineering-4395021/airflow/dags/transform_dag.py for tasks to queue
[2023-06-08T23:45:28.338+0000] {logging_mixin.py:137} INFO - [2023-06-08T23:45:28.338+0000] {dagbag.py:538} INFO - Filling up the DagBag from /workspaces/hands-on-introduction-data-engineering-4395021/airflow/dags/transform_dag.py
[2023-06-08T23:45:28.545+0000] {processor.py:753} INFO - DAG(s) dict_keys(['transform_dag']) retrieved from /workspaces/hands-on-introduction-data-engineering-4395021/airflow/dags/transform_dag.py
[2023-06-08T23:45:28.565+0000] {logging_mixin.py:137} INFO - [2023-06-08T23:45:28.564+0000] {dag.py:2690} INFO - Sync 1 DAGs
[2023-06-08T23:45:28.581+0000] {logging_mixin.py:137} INFO - [2023-06-08T23:45:28.581+0000] {dag.py:3437} INFO - Setting next_dagrun for transform_dag to None, run_after=None
[2023-06-08T23:45:28.622+0000] {processor.py:175} INFO - Processing /workspaces/hands-on-introduction-data-engineering-4395021/airflow/dags/transform_dag.py took 0.289 seconds
[2023-06-08T23:45:58.714+0000] {processor.py:153} INFO - Started process (PID=27025) to work on /workspaces/hands-on-introduction-data-engineering-4395021/airflow/dags/transform_dag.py
[2023-06-08T23:45:58.715+0000] {processor.py:743} INFO - Processing file /workspaces/hands-on-introduction-data-engineering-4395021/airflow/dags/transform_dag.py for tasks to queue
[2023-06-08T23:45:58.716+0000] {logging_mixin.py:137} INFO - [2023-06-08T23:45:58.715+0000] {dagbag.py:538} INFO - Filling up the DagBag from /workspaces/hands-on-introduction-data-engineering-4395021/airflow/dags/transform_dag.py
[2023-06-08T23:45:58.944+0000] {processor.py:753} INFO - DAG(s) dict_keys(['transform_dag']) retrieved from /workspaces/hands-on-introduction-data-engineering-4395021/airflow/dags/transform_dag.py
[2023-06-08T23:45:58.961+0000] {logging_mixin.py:137} INFO - [2023-06-08T23:45:58.960+0000] {dag.py:2690} INFO - Sync 1 DAGs
[2023-06-08T23:45:58.979+0000] {logging_mixin.py:137} INFO - [2023-06-08T23:45:58.979+0000] {dag.py:3437} INFO - Setting next_dagrun for transform_dag to None, run_after=None
[2023-06-08T23:45:59.019+0000] {processor.py:175} INFO - Processing /workspaces/hands-on-introduction-data-engineering-4395021/airflow/dags/transform_dag.py took 0.310 seconds
[2023-06-08T23:46:29.193+0000] {processor.py:153} INFO - Started process (PID=27207) to work on /workspaces/hands-on-introduction-data-engineering-4395021/airflow/dags/transform_dag.py
[2023-06-08T23:46:29.194+0000] {processor.py:743} INFO - Processing file /workspaces/hands-on-introduction-data-engineering-4395021/airflow/dags/transform_dag.py for tasks to queue
[2023-06-08T23:46:29.195+0000] {logging_mixin.py:137} INFO - [2023-06-08T23:46:29.195+0000] {dagbag.py:538} INFO - Filling up the DagBag from /workspaces/hands-on-introduction-data-engineering-4395021/airflow/dags/transform_dag.py
[2023-06-08T23:46:29.382+0000] {processor.py:753} INFO - DAG(s) dict_keys(['transform_dag']) retrieved from /workspaces/hands-on-introduction-data-engineering-4395021/airflow/dags/transform_dag.py
[2023-06-08T23:46:29.399+0000] {logging_mixin.py:137} INFO - [2023-06-08T23:46:29.399+0000] {dag.py:2690} INFO - Sync 1 DAGs
[2023-06-08T23:46:29.415+0000] {logging_mixin.py:137} INFO - [2023-06-08T23:46:29.415+0000] {dag.py:3437} INFO - Setting next_dagrun for transform_dag to None, run_after=None
[2023-06-08T23:46:29.456+0000] {processor.py:175} INFO - Processing /workspaces/hands-on-introduction-data-engineering-4395021/airflow/dags/transform_dag.py took 0.266 seconds
[2023-06-08T23:46:59.515+0000] {processor.py:153} INFO - Started process (PID=27380) to work on /workspaces/hands-on-introduction-data-engineering-4395021/airflow/dags/transform_dag.py
[2023-06-08T23:46:59.516+0000] {processor.py:743} INFO - Processing file /workspaces/hands-on-introduction-data-engineering-4395021/airflow/dags/transform_dag.py for tasks to queue
[2023-06-08T23:46:59.517+0000] {logging_mixin.py:137} INFO - [2023-06-08T23:46:59.517+0000] {dagbag.py:538} INFO - Filling up the DagBag from /workspaces/hands-on-introduction-data-engineering-4395021/airflow/dags/transform_dag.py
[2023-06-08T23:46:59.901+0000] {processor.py:753} INFO - DAG(s) dict_keys(['transform_dag']) retrieved from /workspaces/hands-on-introduction-data-engineering-4395021/airflow/dags/transform_dag.py
[2023-06-08T23:46:59.918+0000] {logging_mixin.py:137} INFO - [2023-06-08T23:46:59.917+0000] {dag.py:2690} INFO - Sync 1 DAGs
[2023-06-08T23:46:59.936+0000] {logging_mixin.py:137} INFO - [2023-06-08T23:46:59.936+0000] {dag.py:3437} INFO - Setting next_dagrun for transform_dag to None, run_after=None
[2023-06-08T23:46:59.976+0000] {processor.py:175} INFO - Processing /workspaces/hands-on-introduction-data-engineering-4395021/airflow/dags/transform_dag.py took 0.468 seconds
[2023-06-08T23:47:30.087+0000] {processor.py:153} INFO - Started process (PID=27554) to work on /workspaces/hands-on-introduction-data-engineering-4395021/airflow/dags/transform_dag.py
[2023-06-08T23:47:30.089+0000] {processor.py:743} INFO - Processing file /workspaces/hands-on-introduction-data-engineering-4395021/airflow/dags/transform_dag.py for tasks to queue
[2023-06-08T23:47:30.090+0000] {logging_mixin.py:137} INFO - [2023-06-08T23:47:30.090+0000] {dagbag.py:538} INFO - Filling up the DagBag from /workspaces/hands-on-introduction-data-engineering-4395021/airflow/dags/transform_dag.py
[2023-06-08T23:47:30.349+0000] {processor.py:753} INFO - DAG(s) dict_keys(['transform_dag']) retrieved from /workspaces/hands-on-introduction-data-engineering-4395021/airflow/dags/transform_dag.py
[2023-06-08T23:47:30.366+0000] {logging_mixin.py:137} INFO - [2023-06-08T23:47:30.365+0000] {dag.py:2690} INFO - Sync 1 DAGs
[2023-06-08T23:47:30.383+0000] {logging_mixin.py:137} INFO - [2023-06-08T23:47:30.383+0000] {dag.py:3437} INFO - Setting next_dagrun for transform_dag to None, run_after=None
[2023-06-08T23:47:30.424+0000] {processor.py:175} INFO - Processing /workspaces/hands-on-introduction-data-engineering-4395021/airflow/dags/transform_dag.py took 0.342 seconds
[2023-06-08T23:48:00.552+0000] {processor.py:153} INFO - Started process (PID=27739) to work on /workspaces/hands-on-introduction-data-engineering-4395021/airflow/dags/transform_dag.py
[2023-06-08T23:48:00.553+0000] {processor.py:743} INFO - Processing file /workspaces/hands-on-introduction-data-engineering-4395021/airflow/dags/transform_dag.py for tasks to queue
[2023-06-08T23:48:00.553+0000] {logging_mixin.py:137} INFO - [2023-06-08T23:48:00.553+0000] {dagbag.py:538} INFO - Filling up the DagBag from /workspaces/hands-on-introduction-data-engineering-4395021/airflow/dags/transform_dag.py
[2023-06-08T23:48:00.812+0000] {processor.py:753} INFO - DAG(s) dict_keys(['transform_dag']) retrieved from /workspaces/hands-on-introduction-data-engineering-4395021/airflow/dags/transform_dag.py
[2023-06-08T23:48:00.838+0000] {logging_mixin.py:137} INFO - [2023-06-08T23:48:00.837+0000] {dag.py:2690} INFO - Sync 1 DAGs
[2023-06-08T23:48:00.876+0000] {logging_mixin.py:137} INFO - [2023-06-08T23:48:00.876+0000] {dag.py:3437} INFO - Setting next_dagrun for transform_dag to None, run_after=None
[2023-06-08T23:48:00.931+0000] {processor.py:175} INFO - Processing /workspaces/hands-on-introduction-data-engineering-4395021/airflow/dags/transform_dag.py took 0.383 seconds
[2023-06-08T23:48:31.024+0000] {processor.py:153} INFO - Started process (PID=27954) to work on /workspaces/hands-on-introduction-data-engineering-4395021/airflow/dags/transform_dag.py
[2023-06-08T23:48:31.025+0000] {processor.py:743} INFO - Processing file /workspaces/hands-on-introduction-data-engineering-4395021/airflow/dags/transform_dag.py for tasks to queue
[2023-06-08T23:48:31.026+0000] {logging_mixin.py:137} INFO - [2023-06-08T23:48:31.025+0000] {dagbag.py:538} INFO - Filling up the DagBag from /workspaces/hands-on-introduction-data-engineering-4395021/airflow/dags/transform_dag.py
[2023-06-08T23:48:31.230+0000] {processor.py:753} INFO - DAG(s) dict_keys(['transform_dag']) retrieved from /workspaces/hands-on-introduction-data-engineering-4395021/airflow/dags/transform_dag.py
[2023-06-08T23:48:31.248+0000] {logging_mixin.py:137} INFO - [2023-06-08T23:48:31.247+0000] {dag.py:2690} INFO - Sync 1 DAGs
[2023-06-08T23:48:31.266+0000] {logging_mixin.py:137} INFO - [2023-06-08T23:48:31.266+0000] {dag.py:3437} INFO - Setting next_dagrun for transform_dag to None, run_after=None
[2023-06-08T23:48:31.306+0000] {processor.py:175} INFO - Processing /workspaces/hands-on-introduction-data-engineering-4395021/airflow/dags/transform_dag.py took 0.286 seconds
[2023-06-08T23:49:01.400+0000] {processor.py:153} INFO - Started process (PID=28145) to work on /workspaces/hands-on-introduction-data-engineering-4395021/airflow/dags/transform_dag.py
[2023-06-08T23:49:01.401+0000] {processor.py:743} INFO - Processing file /workspaces/hands-on-introduction-data-engineering-4395021/airflow/dags/transform_dag.py for tasks to queue
[2023-06-08T23:49:01.401+0000] {logging_mixin.py:137} INFO - [2023-06-08T23:49:01.401+0000] {dagbag.py:538} INFO - Filling up the DagBag from /workspaces/hands-on-introduction-data-engineering-4395021/airflow/dags/transform_dag.py
[2023-06-08T23:49:01.597+0000] {processor.py:753} INFO - DAG(s) dict_keys(['transform_dag']) retrieved from /workspaces/hands-on-introduction-data-engineering-4395021/airflow/dags/transform_dag.py
[2023-06-08T23:49:01.613+0000] {logging_mixin.py:137} INFO - [2023-06-08T23:49:01.613+0000] {dag.py:2690} INFO - Sync 1 DAGs
[2023-06-08T23:49:01.631+0000] {logging_mixin.py:137} INFO - [2023-06-08T23:49:01.631+0000] {dag.py:3437} INFO - Setting next_dagrun for transform_dag to None, run_after=None
[2023-06-08T23:49:01.672+0000] {processor.py:175} INFO - Processing /workspaces/hands-on-introduction-data-engineering-4395021/airflow/dags/transform_dag.py took 0.277 seconds
[2023-06-08T23:49:31.767+0000] {processor.py:153} INFO - Started process (PID=28345) to work on /workspaces/hands-on-introduction-data-engineering-4395021/airflow/dags/transform_dag.py
[2023-06-08T23:49:31.768+0000] {processor.py:743} INFO - Processing file /workspaces/hands-on-introduction-data-engineering-4395021/airflow/dags/transform_dag.py for tasks to queue
[2023-06-08T23:49:31.769+0000] {logging_mixin.py:137} INFO - [2023-06-08T23:49:31.768+0000] {dagbag.py:538} INFO - Filling up the DagBag from /workspaces/hands-on-introduction-data-engineering-4395021/airflow/dags/transform_dag.py
[2023-06-08T23:49:31.968+0000] {processor.py:753} INFO - DAG(s) dict_keys(['transform_dag']) retrieved from /workspaces/hands-on-introduction-data-engineering-4395021/airflow/dags/transform_dag.py
[2023-06-08T23:49:31.985+0000] {logging_mixin.py:137} INFO - [2023-06-08T23:49:31.985+0000] {dag.py:2690} INFO - Sync 1 DAGs
[2023-06-08T23:49:32.003+0000] {logging_mixin.py:137} INFO - [2023-06-08T23:49:32.003+0000] {dag.py:3437} INFO - Setting next_dagrun for transform_dag to None, run_after=None
[2023-06-08T23:49:32.045+0000] {processor.py:175} INFO - Processing /workspaces/hands-on-introduction-data-engineering-4395021/airflow/dags/transform_dag.py took 0.283 seconds
[2023-06-08T23:50:02.125+0000] {processor.py:153} INFO - Started process (PID=28543) to work on /workspaces/hands-on-introduction-data-engineering-4395021/airflow/dags/transform_dag.py
[2023-06-08T23:50:02.126+0000] {processor.py:743} INFO - Processing file /workspaces/hands-on-introduction-data-engineering-4395021/airflow/dags/transform_dag.py for tasks to queue
[2023-06-08T23:50:02.127+0000] {logging_mixin.py:137} INFO - [2023-06-08T23:50:02.127+0000] {dagbag.py:538} INFO - Filling up the DagBag from /workspaces/hands-on-introduction-data-engineering-4395021/airflow/dags/transform_dag.py
[2023-06-08T23:50:02.318+0000] {processor.py:753} INFO - DAG(s) dict_keys(['transform_dag']) retrieved from /workspaces/hands-on-introduction-data-engineering-4395021/airflow/dags/transform_dag.py
[2023-06-08T23:50:02.339+0000] {logging_mixin.py:137} INFO - [2023-06-08T23:50:02.338+0000] {dag.py:2690} INFO - Sync 1 DAGs
[2023-06-08T23:50:02.356+0000] {logging_mixin.py:137} INFO - [2023-06-08T23:50:02.356+0000] {dag.py:3437} INFO - Setting next_dagrun for transform_dag to None, run_after=None
[2023-06-08T23:50:02.397+0000] {processor.py:175} INFO - Processing /workspaces/hands-on-introduction-data-engineering-4395021/airflow/dags/transform_dag.py took 0.277 seconds
[2023-06-08T23:50:32.492+0000] {processor.py:153} INFO - Started process (PID=28737) to work on /workspaces/hands-on-introduction-data-engineering-4395021/airflow/dags/transform_dag.py
[2023-06-08T23:50:32.493+0000] {processor.py:743} INFO - Processing file /workspaces/hands-on-introduction-data-engineering-4395021/airflow/dags/transform_dag.py for tasks to queue
[2023-06-08T23:50:32.493+0000] {logging_mixin.py:137} INFO - [2023-06-08T23:50:32.493+0000] {dagbag.py:538} INFO - Filling up the DagBag from /workspaces/hands-on-introduction-data-engineering-4395021/airflow/dags/transform_dag.py
[2023-06-08T23:50:32.684+0000] {processor.py:753} INFO - DAG(s) dict_keys(['transform_dag']) retrieved from /workspaces/hands-on-introduction-data-engineering-4395021/airflow/dags/transform_dag.py
[2023-06-08T23:50:32.700+0000] {logging_mixin.py:137} INFO - [2023-06-08T23:50:32.700+0000] {dag.py:2690} INFO - Sync 1 DAGs
[2023-06-08T23:50:32.717+0000] {logging_mixin.py:137} INFO - [2023-06-08T23:50:32.717+0000] {dag.py:3437} INFO - Setting next_dagrun for transform_dag to None, run_after=None
[2023-06-08T23:50:32.760+0000] {processor.py:175} INFO - Processing /workspaces/hands-on-introduction-data-engineering-4395021/airflow/dags/transform_dag.py took 0.272 seconds
[2023-06-08T23:51:02.870+0000] {processor.py:153} INFO - Started process (PID=28944) to work on /workspaces/hands-on-introduction-data-engineering-4395021/airflow/dags/transform_dag.py
[2023-06-08T23:51:02.871+0000] {processor.py:743} INFO - Processing file /workspaces/hands-on-introduction-data-engineering-4395021/airflow/dags/transform_dag.py for tasks to queue
[2023-06-08T23:51:02.872+0000] {logging_mixin.py:137} INFO - [2023-06-08T23:51:02.872+0000] {dagbag.py:538} INFO - Filling up the DagBag from /workspaces/hands-on-introduction-data-engineering-4395021/airflow/dags/transform_dag.py
[2023-06-08T23:51:03.085+0000] {processor.py:753} INFO - DAG(s) dict_keys(['transform_dag']) retrieved from /workspaces/hands-on-introduction-data-engineering-4395021/airflow/dags/transform_dag.py
[2023-06-08T23:51:03.105+0000] {logging_mixin.py:137} INFO - [2023-06-08T23:51:03.105+0000] {dag.py:2690} INFO - Sync 1 DAGs
[2023-06-08T23:51:03.124+0000] {logging_mixin.py:137} INFO - [2023-06-08T23:51:03.124+0000] {dag.py:3437} INFO - Setting next_dagrun for transform_dag to None, run_after=None
[2023-06-08T23:51:03.166+0000] {processor.py:175} INFO - Processing /workspaces/hands-on-introduction-data-engineering-4395021/airflow/dags/transform_dag.py took 0.300 seconds
[2023-06-08T23:51:33.350+0000] {processor.py:153} INFO - Started process (PID=29138) to work on /workspaces/hands-on-introduction-data-engineering-4395021/airflow/dags/transform_dag.py
[2023-06-08T23:51:33.351+0000] {processor.py:743} INFO - Processing file /workspaces/hands-on-introduction-data-engineering-4395021/airflow/dags/transform_dag.py for tasks to queue
[2023-06-08T23:51:33.352+0000] {logging_mixin.py:137} INFO - [2023-06-08T23:51:33.352+0000] {dagbag.py:538} INFO - Filling up the DagBag from /workspaces/hands-on-introduction-data-engineering-4395021/airflow/dags/transform_dag.py
[2023-06-08T23:51:33.570+0000] {processor.py:753} INFO - DAG(s) dict_keys(['transform_dag']) retrieved from /workspaces/hands-on-introduction-data-engineering-4395021/airflow/dags/transform_dag.py
[2023-06-08T23:51:33.592+0000] {logging_mixin.py:137} INFO - [2023-06-08T23:51:33.592+0000] {dag.py:2690} INFO - Sync 1 DAGs
[2023-06-08T23:51:33.612+0000] {logging_mixin.py:137} INFO - [2023-06-08T23:51:33.612+0000] {dag.py:3437} INFO - Setting next_dagrun for transform_dag to None, run_after=None
[2023-06-08T23:51:33.659+0000] {processor.py:175} INFO - Processing /workspaces/hands-on-introduction-data-engineering-4395021/airflow/dags/transform_dag.py took 0.312 seconds
[2023-06-08T23:52:03.793+0000] {processor.py:153} INFO - Started process (PID=29355) to work on /workspaces/hands-on-introduction-data-engineering-4395021/airflow/dags/transform_dag.py
[2023-06-08T23:52:03.794+0000] {processor.py:743} INFO - Processing file /workspaces/hands-on-introduction-data-engineering-4395021/airflow/dags/transform_dag.py for tasks to queue
[2023-06-08T23:52:03.795+0000] {logging_mixin.py:137} INFO - [2023-06-08T23:52:03.795+0000] {dagbag.py:538} INFO - Filling up the DagBag from /workspaces/hands-on-introduction-data-engineering-4395021/airflow/dags/transform_dag.py
[2023-06-08T23:52:04.000+0000] {processor.py:753} INFO - DAG(s) dict_keys(['transform_dag']) retrieved from /workspaces/hands-on-introduction-data-engineering-4395021/airflow/dags/transform_dag.py
[2023-06-08T23:52:04.022+0000] {logging_mixin.py:137} INFO - [2023-06-08T23:52:04.021+0000] {dag.py:2690} INFO - Sync 1 DAGs
[2023-06-08T23:52:04.044+0000] {logging_mixin.py:137} INFO - [2023-06-08T23:52:04.044+0000] {dag.py:3437} INFO - Setting next_dagrun for transform_dag to None, run_after=None
[2023-06-08T23:52:04.095+0000] {processor.py:175} INFO - Processing /workspaces/hands-on-introduction-data-engineering-4395021/airflow/dags/transform_dag.py took 0.306 seconds
[2023-06-08T23:52:34.279+0000] {processor.py:153} INFO - Started process (PID=29638) to work on /workspaces/hands-on-introduction-data-engineering-4395021/airflow/dags/transform_dag.py
[2023-06-08T23:52:34.280+0000] {processor.py:743} INFO - Processing file /workspaces/hands-on-introduction-data-engineering-4395021/airflow/dags/transform_dag.py for tasks to queue
[2023-06-08T23:52:34.280+0000] {logging_mixin.py:137} INFO - [2023-06-08T23:52:34.280+0000] {dagbag.py:538} INFO - Filling up the DagBag from /workspaces/hands-on-introduction-data-engineering-4395021/airflow/dags/transform_dag.py
[2023-06-08T23:52:34.469+0000] {processor.py:753} INFO - DAG(s) dict_keys(['transform_dag']) retrieved from /workspaces/hands-on-introduction-data-engineering-4395021/airflow/dags/transform_dag.py
[2023-06-08T23:52:34.485+0000] {logging_mixin.py:137} INFO - [2023-06-08T23:52:34.485+0000] {dag.py:2690} INFO - Sync 1 DAGs
[2023-06-08T23:52:34.503+0000] {logging_mixin.py:137} INFO - [2023-06-08T23:52:34.503+0000] {dag.py:3437} INFO - Setting next_dagrun for transform_dag to None, run_after=None
[2023-06-08T23:52:34.544+0000] {processor.py:175} INFO - Processing /workspaces/hands-on-introduction-data-engineering-4395021/airflow/dags/transform_dag.py took 0.269 seconds
[2023-06-08T23:53:04.658+0000] {processor.py:153} INFO - Started process (PID=29851) to work on /workspaces/hands-on-introduction-data-engineering-4395021/airflow/dags/transform_dag.py
[2023-06-08T23:53:04.659+0000] {processor.py:743} INFO - Processing file /workspaces/hands-on-introduction-data-engineering-4395021/airflow/dags/transform_dag.py for tasks to queue
[2023-06-08T23:53:04.660+0000] {logging_mixin.py:137} INFO - [2023-06-08T23:53:04.660+0000] {dagbag.py:538} INFO - Filling up the DagBag from /workspaces/hands-on-introduction-data-engineering-4395021/airflow/dags/transform_dag.py
[2023-06-08T23:53:04.878+0000] {processor.py:753} INFO - DAG(s) dict_keys(['transform_dag']) retrieved from /workspaces/hands-on-introduction-data-engineering-4395021/airflow/dags/transform_dag.py
[2023-06-08T23:53:04.902+0000] {logging_mixin.py:137} INFO - [2023-06-08T23:53:04.902+0000] {dag.py:2690} INFO - Sync 1 DAGs
[2023-06-08T23:53:04.929+0000] {logging_mixin.py:137} INFO - [2023-06-08T23:53:04.929+0000] {dag.py:3437} INFO - Setting next_dagrun for transform_dag to None, run_after=None
[2023-06-08T23:53:04.983+0000] {processor.py:175} INFO - Processing /workspaces/hands-on-introduction-data-engineering-4395021/airflow/dags/transform_dag.py took 0.328 seconds
[2023-06-08T23:53:35.135+0000] {processor.py:153} INFO - Started process (PID=30032) to work on /workspaces/hands-on-introduction-data-engineering-4395021/airflow/dags/transform_dag.py
[2023-06-08T23:53:35.136+0000] {processor.py:743} INFO - Processing file /workspaces/hands-on-introduction-data-engineering-4395021/airflow/dags/transform_dag.py for tasks to queue
[2023-06-08T23:53:35.137+0000] {logging_mixin.py:137} INFO - [2023-06-08T23:53:35.137+0000] {dagbag.py:538} INFO - Filling up the DagBag from /workspaces/hands-on-introduction-data-engineering-4395021/airflow/dags/transform_dag.py
[2023-06-08T23:53:35.410+0000] {processor.py:753} INFO - DAG(s) dict_keys(['transform_dag']) retrieved from /workspaces/hands-on-introduction-data-engineering-4395021/airflow/dags/transform_dag.py
[2023-06-08T23:53:35.428+0000] {logging_mixin.py:137} INFO - [2023-06-08T23:53:35.428+0000] {dag.py:2690} INFO - Sync 1 DAGs
[2023-06-08T23:53:35.448+0000] {logging_mixin.py:137} INFO - [2023-06-08T23:53:35.447+0000] {dag.py:3437} INFO - Setting next_dagrun for transform_dag to None, run_after=None
[2023-06-08T23:53:35.502+0000] {processor.py:175} INFO - Processing /workspaces/hands-on-introduction-data-engineering-4395021/airflow/dags/transform_dag.py took 0.371 seconds
[2023-06-08T23:54:05.615+0000] {processor.py:153} INFO - Started process (PID=30225) to work on /workspaces/hands-on-introduction-data-engineering-4395021/airflow/dags/transform_dag.py
[2023-06-08T23:54:05.616+0000] {processor.py:743} INFO - Processing file /workspaces/hands-on-introduction-data-engineering-4395021/airflow/dags/transform_dag.py for tasks to queue
[2023-06-08T23:54:05.617+0000] {logging_mixin.py:137} INFO - [2023-06-08T23:54:05.617+0000] {dagbag.py:538} INFO - Filling up the DagBag from /workspaces/hands-on-introduction-data-engineering-4395021/airflow/dags/transform_dag.py
[2023-06-08T23:54:05.859+0000] {processor.py:753} INFO - DAG(s) dict_keys(['transform_dag']) retrieved from /workspaces/hands-on-introduction-data-engineering-4395021/airflow/dags/transform_dag.py
[2023-06-08T23:54:05.876+0000] {logging_mixin.py:137} INFO - [2023-06-08T23:54:05.876+0000] {dag.py:2690} INFO - Sync 1 DAGs
[2023-06-08T23:54:05.896+0000] {logging_mixin.py:137} INFO - [2023-06-08T23:54:05.896+0000] {dag.py:3437} INFO - Setting next_dagrun for transform_dag to None, run_after=None
[2023-06-08T23:54:05.937+0000] {processor.py:175} INFO - Processing /workspaces/hands-on-introduction-data-engineering-4395021/airflow/dags/transform_dag.py took 0.326 seconds
[2023-06-08T23:54:36.090+0000] {processor.py:153} INFO - Started process (PID=30465) to work on /workspaces/hands-on-introduction-data-engineering-4395021/airflow/dags/transform_dag.py
[2023-06-08T23:54:36.091+0000] {processor.py:743} INFO - Processing file /workspaces/hands-on-introduction-data-engineering-4395021/airflow/dags/transform_dag.py for tasks to queue
[2023-06-08T23:54:36.092+0000] {logging_mixin.py:137} INFO - [2023-06-08T23:54:36.092+0000] {dagbag.py:538} INFO - Filling up the DagBag from /workspaces/hands-on-introduction-data-engineering-4395021/airflow/dags/transform_dag.py
[2023-06-08T23:54:36.284+0000] {processor.py:753} INFO - DAG(s) dict_keys(['transform_dag']) retrieved from /workspaces/hands-on-introduction-data-engineering-4395021/airflow/dags/transform_dag.py
[2023-06-08T23:54:36.300+0000] {logging_mixin.py:137} INFO - [2023-06-08T23:54:36.300+0000] {dag.py:2690} INFO - Sync 1 DAGs
[2023-06-08T23:54:36.317+0000] {logging_mixin.py:137} INFO - [2023-06-08T23:54:36.317+0000] {dag.py:3437} INFO - Setting next_dagrun for transform_dag to None, run_after=None
[2023-06-08T23:54:36.356+0000] {processor.py:175} INFO - Processing /workspaces/hands-on-introduction-data-engineering-4395021/airflow/dags/transform_dag.py took 0.270 seconds
[2023-06-08T23:55:06.460+0000] {processor.py:153} INFO - Started process (PID=30659) to work on /workspaces/hands-on-introduction-data-engineering-4395021/airflow/dags/transform_dag.py
[2023-06-08T23:55:06.461+0000] {processor.py:743} INFO - Processing file /workspaces/hands-on-introduction-data-engineering-4395021/airflow/dags/transform_dag.py for tasks to queue
[2023-06-08T23:55:06.462+0000] {logging_mixin.py:137} INFO - [2023-06-08T23:55:06.462+0000] {dagbag.py:538} INFO - Filling up the DagBag from /workspaces/hands-on-introduction-data-engineering-4395021/airflow/dags/transform_dag.py
[2023-06-08T23:55:06.664+0000] {processor.py:753} INFO - DAG(s) dict_keys(['transform_dag']) retrieved from /workspaces/hands-on-introduction-data-engineering-4395021/airflow/dags/transform_dag.py
[2023-06-08T23:55:06.681+0000] {logging_mixin.py:137} INFO - [2023-06-08T23:55:06.681+0000] {dag.py:2690} INFO - Sync 1 DAGs
[2023-06-08T23:55:06.698+0000] {logging_mixin.py:137} INFO - [2023-06-08T23:55:06.698+0000] {dag.py:3437} INFO - Setting next_dagrun for transform_dag to None, run_after=None
[2023-06-08T23:55:06.743+0000] {processor.py:175} INFO - Processing /workspaces/hands-on-introduction-data-engineering-4395021/airflow/dags/transform_dag.py took 0.286 seconds
[2023-06-08T23:55:36.832+0000] {processor.py:153} INFO - Started process (PID=30835) to work on /workspaces/hands-on-introduction-data-engineering-4395021/airflow/dags/transform_dag.py
[2023-06-08T23:55:36.833+0000] {processor.py:743} INFO - Processing file /workspaces/hands-on-introduction-data-engineering-4395021/airflow/dags/transform_dag.py for tasks to queue
[2023-06-08T23:55:36.834+0000] {logging_mixin.py:137} INFO - [2023-06-08T23:55:36.833+0000] {dagbag.py:538} INFO - Filling up the DagBag from /workspaces/hands-on-introduction-data-engineering-4395021/airflow/dags/transform_dag.py
[2023-06-08T23:55:37.072+0000] {processor.py:753} INFO - DAG(s) dict_keys(['transform_dag']) retrieved from /workspaces/hands-on-introduction-data-engineering-4395021/airflow/dags/transform_dag.py
[2023-06-08T23:55:37.091+0000] {logging_mixin.py:137} INFO - [2023-06-08T23:55:37.090+0000] {dag.py:2690} INFO - Sync 1 DAGs
[2023-06-08T23:55:37.112+0000] {logging_mixin.py:137} INFO - [2023-06-08T23:55:37.112+0000] {dag.py:3437} INFO - Setting next_dagrun for transform_dag to None, run_after=None
[2023-06-08T23:55:37.164+0000] {processor.py:175} INFO - Processing /workspaces/hands-on-introduction-data-engineering-4395021/airflow/dags/transform_dag.py took 0.335 seconds
[2023-06-08T23:56:07.303+0000] {processor.py:153} INFO - Started process (PID=31056) to work on /workspaces/hands-on-introduction-data-engineering-4395021/airflow/dags/transform_dag.py
[2023-06-08T23:56:07.304+0000] {processor.py:743} INFO - Processing file /workspaces/hands-on-introduction-data-engineering-4395021/airflow/dags/transform_dag.py for tasks to queue
[2023-06-08T23:56:07.305+0000] {logging_mixin.py:137} INFO - [2023-06-08T23:56:07.304+0000] {dagbag.py:538} INFO - Filling up the DagBag from /workspaces/hands-on-introduction-data-engineering-4395021/airflow/dags/transform_dag.py
[2023-06-08T23:56:07.498+0000] {processor.py:753} INFO - DAG(s) dict_keys(['transform_dag']) retrieved from /workspaces/hands-on-introduction-data-engineering-4395021/airflow/dags/transform_dag.py
[2023-06-08T23:56:07.518+0000] {logging_mixin.py:137} INFO - [2023-06-08T23:56:07.518+0000] {dag.py:2690} INFO - Sync 1 DAGs
[2023-06-08T23:56:07.536+0000] {logging_mixin.py:137} INFO - [2023-06-08T23:56:07.535+0000] {dag.py:3437} INFO - Setting next_dagrun for transform_dag to None, run_after=None
[2023-06-08T23:56:07.578+0000] {processor.py:175} INFO - Processing /workspaces/hands-on-introduction-data-engineering-4395021/airflow/dags/transform_dag.py took 0.279 seconds
[2023-06-08T23:56:37.675+0000] {processor.py:153} INFO - Started process (PID=31255) to work on /workspaces/hands-on-introduction-data-engineering-4395021/airflow/dags/transform_dag.py
[2023-06-08T23:56:37.676+0000] {processor.py:743} INFO - Processing file /workspaces/hands-on-introduction-data-engineering-4395021/airflow/dags/transform_dag.py for tasks to queue
[2023-06-08T23:56:37.676+0000] {logging_mixin.py:137} INFO - [2023-06-08T23:56:37.676+0000] {dagbag.py:538} INFO - Filling up the DagBag from /workspaces/hands-on-introduction-data-engineering-4395021/airflow/dags/transform_dag.py
[2023-06-08T23:56:37.882+0000] {processor.py:753} INFO - DAG(s) dict_keys(['transform_dag']) retrieved from /workspaces/hands-on-introduction-data-engineering-4395021/airflow/dags/transform_dag.py
[2023-06-08T23:56:37.901+0000] {logging_mixin.py:137} INFO - [2023-06-08T23:56:37.900+0000] {dag.py:2690} INFO - Sync 1 DAGs
[2023-06-08T23:56:37.919+0000] {logging_mixin.py:137} INFO - [2023-06-08T23:56:37.919+0000] {dag.py:3437} INFO - Setting next_dagrun for transform_dag to None, run_after=None
[2023-06-08T23:56:37.965+0000] {processor.py:175} INFO - Processing /workspaces/hands-on-introduction-data-engineering-4395021/airflow/dags/transform_dag.py took 0.294 seconds
[2023-06-08T23:57:08.056+0000] {processor.py:153} INFO - Started process (PID=31513) to work on /workspaces/hands-on-introduction-data-engineering-4395021/airflow/dags/transform_dag.py
[2023-06-08T23:57:08.057+0000] {processor.py:743} INFO - Processing file /workspaces/hands-on-introduction-data-engineering-4395021/airflow/dags/transform_dag.py for tasks to queue
[2023-06-08T23:57:08.058+0000] {logging_mixin.py:137} INFO - [2023-06-08T23:57:08.058+0000] {dagbag.py:538} INFO - Filling up the DagBag from /workspaces/hands-on-introduction-data-engineering-4395021/airflow/dags/transform_dag.py
[2023-06-08T23:57:08.269+0000] {processor.py:753} INFO - DAG(s) dict_keys(['transform_dag']) retrieved from /workspaces/hands-on-introduction-data-engineering-4395021/airflow/dags/transform_dag.py
[2023-06-08T23:57:08.286+0000] {logging_mixin.py:137} INFO - [2023-06-08T23:57:08.286+0000] {dag.py:2690} INFO - Sync 1 DAGs
[2023-06-08T23:57:08.310+0000] {logging_mixin.py:137} INFO - [2023-06-08T23:57:08.310+0000] {dag.py:3437} INFO - Setting next_dagrun for transform_dag to None, run_after=None
[2023-06-08T23:57:08.353+0000] {processor.py:175} INFO - Processing /workspaces/hands-on-introduction-data-engineering-4395021/airflow/dags/transform_dag.py took 0.300 seconds
[2023-06-08T23:57:38.537+0000] {processor.py:153} INFO - Started process (PID=31779) to work on /workspaces/hands-on-introduction-data-engineering-4395021/airflow/dags/transform_dag.py
[2023-06-08T23:57:38.539+0000] {processor.py:743} INFO - Processing file /workspaces/hands-on-introduction-data-engineering-4395021/airflow/dags/transform_dag.py for tasks to queue
[2023-06-08T23:57:38.540+0000] {logging_mixin.py:137} INFO - [2023-06-08T23:57:38.539+0000] {dagbag.py:538} INFO - Filling up the DagBag from /workspaces/hands-on-introduction-data-engineering-4395021/airflow/dags/transform_dag.py
[2023-06-08T23:57:38.728+0000] {processor.py:753} INFO - DAG(s) dict_keys(['transform_dag']) retrieved from /workspaces/hands-on-introduction-data-engineering-4395021/airflow/dags/transform_dag.py
[2023-06-08T23:57:38.746+0000] {logging_mixin.py:137} INFO - [2023-06-08T23:57:38.745+0000] {dag.py:2690} INFO - Sync 1 DAGs
[2023-06-08T23:57:38.765+0000] {logging_mixin.py:137} INFO - [2023-06-08T23:57:38.765+0000] {dag.py:3437} INFO - Setting next_dagrun for transform_dag to None, run_after=None
[2023-06-08T23:57:38.807+0000] {processor.py:175} INFO - Processing /workspaces/hands-on-introduction-data-engineering-4395021/airflow/dags/transform_dag.py took 0.273 seconds
[2023-06-08T23:58:08.908+0000] {processor.py:153} INFO - Started process (PID=32052) to work on /workspaces/hands-on-introduction-data-engineering-4395021/airflow/dags/transform_dag.py
[2023-06-08T23:58:08.909+0000] {processor.py:743} INFO - Processing file /workspaces/hands-on-introduction-data-engineering-4395021/airflow/dags/transform_dag.py for tasks to queue
[2023-06-08T23:58:08.910+0000] {logging_mixin.py:137} INFO - [2023-06-08T23:58:08.910+0000] {dagbag.py:538} INFO - Filling up the DagBag from /workspaces/hands-on-introduction-data-engineering-4395021/airflow/dags/transform_dag.py
[2023-06-08T23:58:09.161+0000] {processor.py:753} INFO - DAG(s) dict_keys(['transform_dag']) retrieved from /workspaces/hands-on-introduction-data-engineering-4395021/airflow/dags/transform_dag.py
[2023-06-08T23:58:09.182+0000] {logging_mixin.py:137} INFO - [2023-06-08T23:58:09.182+0000] {dag.py:2690} INFO - Sync 1 DAGs
[2023-06-08T23:58:09.206+0000] {logging_mixin.py:137} INFO - [2023-06-08T23:58:09.206+0000] {dag.py:3437} INFO - Setting next_dagrun for transform_dag to None, run_after=None
[2023-06-08T23:58:09.250+0000] {processor.py:175} INFO - Processing /workspaces/hands-on-introduction-data-engineering-4395021/airflow/dags/transform_dag.py took 0.346 seconds
[2023-06-08T23:58:39.383+0000] {processor.py:153} INFO - Started process (PID=32289) to work on /workspaces/hands-on-introduction-data-engineering-4395021/airflow/dags/transform_dag.py
[2023-06-08T23:58:39.384+0000] {processor.py:743} INFO - Processing file /workspaces/hands-on-introduction-data-engineering-4395021/airflow/dags/transform_dag.py for tasks to queue
[2023-06-08T23:58:39.385+0000] {logging_mixin.py:137} INFO - [2023-06-08T23:58:39.385+0000] {dagbag.py:538} INFO - Filling up the DagBag from /workspaces/hands-on-introduction-data-engineering-4395021/airflow/dags/transform_dag.py
[2023-06-08T23:58:39.583+0000] {processor.py:753} INFO - DAG(s) dict_keys(['transform_dag']) retrieved from /workspaces/hands-on-introduction-data-engineering-4395021/airflow/dags/transform_dag.py
[2023-06-08T23:58:39.599+0000] {logging_mixin.py:137} INFO - [2023-06-08T23:58:39.599+0000] {dag.py:2690} INFO - Sync 1 DAGs
[2023-06-08T23:58:39.617+0000] {logging_mixin.py:137} INFO - [2023-06-08T23:58:39.617+0000] {dag.py:3437} INFO - Setting next_dagrun for transform_dag to None, run_after=None
[2023-06-08T23:58:39.658+0000] {processor.py:175} INFO - Processing /workspaces/hands-on-introduction-data-engineering-4395021/airflow/dags/transform_dag.py took 0.279 seconds
[2023-06-08T23:59:09.753+0000] {processor.py:153} INFO - Started process (PID=32579) to work on /workspaces/hands-on-introduction-data-engineering-4395021/airflow/dags/transform_dag.py
[2023-06-08T23:59:09.754+0000] {processor.py:743} INFO - Processing file /workspaces/hands-on-introduction-data-engineering-4395021/airflow/dags/transform_dag.py for tasks to queue
[2023-06-08T23:59:09.754+0000] {logging_mixin.py:137} INFO - [2023-06-08T23:59:09.754+0000] {dagbag.py:538} INFO - Filling up the DagBag from /workspaces/hands-on-introduction-data-engineering-4395021/airflow/dags/transform_dag.py
[2023-06-08T23:59:09.949+0000] {processor.py:753} INFO - DAG(s) dict_keys(['transform_dag']) retrieved from /workspaces/hands-on-introduction-data-engineering-4395021/airflow/dags/transform_dag.py
[2023-06-08T23:59:09.966+0000] {logging_mixin.py:137} INFO - [2023-06-08T23:59:09.966+0000] {dag.py:2690} INFO - Sync 1 DAGs
[2023-06-08T23:59:09.984+0000] {logging_mixin.py:137} INFO - [2023-06-08T23:59:09.984+0000] {dag.py:3437} INFO - Setting next_dagrun for transform_dag to None, run_after=None
[2023-06-08T23:59:10.029+0000] {processor.py:175} INFO - Processing /workspaces/hands-on-introduction-data-engineering-4395021/airflow/dags/transform_dag.py took 0.280 seconds
[2023-06-08T23:59:40.128+0000] {processor.py:153} INFO - Started process (PID=32749) to work on /workspaces/hands-on-introduction-data-engineering-4395021/airflow/dags/transform_dag.py
[2023-06-08T23:59:40.129+0000] {processor.py:743} INFO - Processing file /workspaces/hands-on-introduction-data-engineering-4395021/airflow/dags/transform_dag.py for tasks to queue
[2023-06-08T23:59:40.130+0000] {logging_mixin.py:137} INFO - [2023-06-08T23:59:40.130+0000] {dagbag.py:538} INFO - Filling up the DagBag from /workspaces/hands-on-introduction-data-engineering-4395021/airflow/dags/transform_dag.py
[2023-06-08T23:59:40.394+0000] {processor.py:753} INFO - DAG(s) dict_keys(['transform_dag']) retrieved from /workspaces/hands-on-introduction-data-engineering-4395021/airflow/dags/transform_dag.py
[2023-06-08T23:59:40.411+0000] {logging_mixin.py:137} INFO - [2023-06-08T23:59:40.411+0000] {dag.py:2690} INFO - Sync 1 DAGs
[2023-06-08T23:59:40.431+0000] {logging_mixin.py:137} INFO - [2023-06-08T23:59:40.431+0000] {dag.py:3437} INFO - Setting next_dagrun for transform_dag to None, run_after=None
[2023-06-08T23:59:40.472+0000] {processor.py:175} INFO - Processing /workspaces/hands-on-introduction-data-engineering-4395021/airflow/dags/transform_dag.py took 0.349 seconds
